\BOOKMARK [0][-]{chapter*.1}{\376\377\000D\000e\000c\000l\000a\000r\000a\002\033\000i\000i}{}% 1
\BOOKMARK [0][-]{chapter*.2}{\376\377\000I\000n\000t\000r\000o\000d\000u\000c\000e\000r\000e}{}% 2
\BOOKMARK [0][-]{chapter*.3}{\376\377\000M\000o\000t\000i\000v\000a\002\033\000i\000e}{}% 3
\BOOKMARK [0][-]{chapter.1}{\376\377\000A\000n\000a\000l\000i\000z\000a\000\040\000P\000r\000o\000b\000l\000e\000m\000e\000i}{}% 4
\BOOKMARK [1][-]{section.1.1}{\376\377\000C\000o\000n\000t\000e\000x\000t\000u\000a\000l\000i\000z\000a\000r\000e\000a\000\040\000p\000r\000o\000b\000l\000e\000m\000e\000i}{chapter.1}% 5
\BOOKMARK [2][-]{subsection.1.1.1}{\376\377\000S\000c\000e\000n\000a\000r\000i\000i\000\040\000c\000o\000m\000u\000n\000e\000\040\000d\000e\000\040\000u\000t\000i\000l\000i\000z\000a\000r\000e}{section.1.1}% 6
\BOOKMARK [2][-]{subsection.1.1.2}{\376\377\000L\000i\000m\000i\000t\001\003\000r\000i\000l\000e\000\040\000s\000o\000l\000u\002\033\000i\000i\000l\000o\000r\000\040\000e\000x\000i\000s\000t\000e\000n\000t\000e}{section.1.1}% 7
\BOOKMARK [1][-]{section.1.2}{\376\377\000P\000r\000o\000v\000o\000c\001\003\000r\000i\000\040\000\356\000n\000\040\000c\000o\000l\000a\000b\000o\000r\000a\000r\000e\000a\000\040\000r\000e\000m\000o\000t\000e}{chapter.1}% 8
\BOOKMARK [2][-]{subsection.1.2.1}{\376\377\000C\000o\000n\000f\000l\000i\000c\000t\000e\000l\000e\000\040\000d\000e\000\040\000e\000d\000i\000t\000a\000r\000e\000\040\000s\000i\000m\000u\000l\000t\000a\000n\001\003}{section.1.2}% 9
\BOOKMARK [2][-]{subsection.1.2.2}{\376\377\000L\000i\000p\000s\000a\000\040\000d\000e\000\040\000v\000i\000z\000i\000b\000i\000l\000i\000t\000a\000t\000e}{section.1.2}% 10
\BOOKMARK [2][-]{subsection.1.2.3}{\376\377\000S\000e\000c\000u\000r\000i\000t\000a\000t\000e\000a\000\040\002\031\000i\000\040\000g\000e\000s\000t\000i\000o\000n\000a\000r\000e\000a\000\040\000a\000c\000c\000e\000s\000u\000l\000u\000i}{section.1.2}% 11
\BOOKMARK [1][-]{section.1.3}{\376\377\000C\000e\000r\000i\000n\002\033\000e\000l\000e\000\040\000p\000e\000n\000t\000r\000u\000\040\000o\000\040\000s\000o\000l\000u\002\033\000i\000e\000\040\000m\000o\000d\000e\000r\000n\001\003}{chapter.1}% 12
\BOOKMARK [2][-]{subsection.1.3.1}{\376\377\000C\000e\000r\000i\000n\002\033\000e\000\040\000f\000u\000n\000c\002\033\000i\000o\000n\000a\000l\000e}{section.1.3}% 13
\BOOKMARK [2][-]{subsection.1.3.2}{\376\377\000C\000e\000r\000i\000n\002\033\000e\000\040\000n\000o\000n\000-\000f\000u\000n\000c\002\033\000i\000o\000n\000a\000l\000e}{section.1.3}% 14
\BOOKMARK [1][-]{section.1.4}{\376\377\000C\000o\000m\000p\000a\000r\000a\002\033\000i\000e\000\040\000c\000u\000\040\000s\000o\000l\000u\002\033\000i\000i\000l\000e\000\040\000e\000x\000i\000s\000t\000e\000n\000t\000e}{chapter.1}% 15
\BOOKMARK [1][-]{section.1.5}{\376\377\000C\000o\000n\000c\000l\000u\000z\000i\000i}{chapter.1}% 16
\BOOKMARK [0][-]{chapter.2}{\376\377\000T\000e\000h\000n\000o\000l\000o\000g\000i\000i\000\040\002\031\000i\000\040\000A\000r\000h\000i\000t\000e\000c\000t\000u\000r\001\003}{}% 17
\BOOKMARK [1][-]{section.2.1}{\376\377\000S\000t\000a\000c\000k\000-\000u\000l\000\040\000t\000e\000h\000n\000o\000l\000o\000g\000i\000c}{chapter.2}% 18
\BOOKMARK [2][-]{subsection.2.1.1}{\376\377\000T\000a\000u\000r\000i\000\040\000v\0002\000\040\000-\000\040\000F\000r\000a\000m\000e\000w\000o\000r\000k\000\040\000p\000e\000n\000t\000r\000u\000\040\000a\000p\000l\000i\000c\000a\002\033\000i\000i\000\040\000d\000e\000s\000k\000t\000o\000p}{section.2.1}% 19
\BOOKMARK [2][-]{subsection.2.1.2}{\376\377\000R\000e\000a\000c\000t\000\040\0001\0009\000\040\000-\000\040\000F\000r\000o\000n\000t\000e\000n\000d\000\040\000f\000r\000a\000m\000e\000w\000o\000r\000k}{section.2.1}% 20
\BOOKMARK [2][-]{subsection.2.1.3}{\376\377\000R\000u\000s\000t\000\040\000-\000\040\000B\000a\000c\000k\000e\000n\000d\000\040\002\031\000i\000\040\000l\000o\000g\000i\000c\001\003\000\040\000d\000e\000\040\000b\000u\000s\000i\000n\000e\000s\000s}{section.2.1}% 21
\BOOKMARK [2][-]{subsection.2.1.4}{\376\377\000P\000o\000s\000t\000g\000r\000e\000S\000Q\000L\000\040\000-\000\040\000P\000e\000r\000s\000i\000s\000t\000e\000n\002\033\000a\000\040\000d\000a\000t\000e\000l\000o\000r}{section.2.1}% 22
\BOOKMARK [1][-]{section.2.2}{\376\377\000A\000r\000h\000i\000t\000e\000c\000t\000u\000r\000a\000\040\000g\000e\000n\000e\000r\000a\000l\001\003}{chapter.2}% 23
\BOOKMARK [2][-]{subsection.2.2.1}{\376\377\000V\000i\000z\000i\000u\000n\000e\000\040\000d\000e\000\040\000a\000n\000s\000a\000m\000b\000l\000u}{section.2.2}% 24
\BOOKMARK [2][-]{subsection.2.2.2}{\376\377\000F\000l\000u\000x\000u\000l\000\040\000d\000e\000\040\000d\000a\000t\000e}{section.2.2}% 25
\BOOKMARK [2][-]{subsection.2.2.3}{\376\377\000G\000e\000s\000t\000i\000o\000n\000a\000r\000e\000a\000\040\000s\000t\001\003\000r\000i\000i}{section.2.2}% 26
\BOOKMARK [2][-]{subsection.2.2.4}{\376\377\000S\000e\000c\000u\000r\000i\000t\000a\000t\000e\000a\000\040\000a\000r\000h\000i\000t\000e\000c\000t\000u\000r\000i\000i}{section.2.2}% 27
\BOOKMARK [1][-]{section.2.3}{\376\377\000D\000e\000c\000i\000z\000i\000i\000\040\000a\000r\000h\000i\000t\000e\000c\000t\000u\000r\000a\000l\000e\000\040\000m\000a\000j\000o\000r\000e}{chapter.2}% 28
\BOOKMARK [2][-]{subsection.2.3.1}{\376\377\000D\000e\000\040\000c\000e\000\040\000n\000u\000\040\000E\000l\000e\000c\000t\000r\000o\000n\000?}{section.2.3}% 29
\BOOKMARK [2][-]{subsection.2.3.2}{\376\377\000S\000Q\000L\000x\000\040\000v\000s\000\040\000D\000i\000e\000s\000e\000l\000\040\000v\000s\000\040\000S\000e\000a\000O\000R\000M}{section.2.3}% 30
\BOOKMARK [2][-]{subsection.2.3.3}{\376\377\000S\000t\000r\000a\000t\000e\000g\000i\000a\000\040\000d\000e\000\040\000f\000i\000l\000e\000\040\000l\000o\000c\000k\000i\000n\000g}{section.2.3}% 31
\BOOKMARK [1][-]{section.2.4}{\376\377\000S\000c\000a\000l\000a\000b\000i\000l\000i\000t\000a\000t\000e\000\040\002\031\000i\000\040\000p\000e\000r\000f\000o\000r\000m\000a\000n\002\033\001\003}{chapter.2}% 32
\BOOKMARK [2][-]{subsection.2.4.1}{\376\377\000C\000o\000n\000n\000e\000c\000t\000i\000o\000n\000\040\000p\000o\000o\000l\000i\000n\000g}{section.2.4}% 33
\BOOKMARK [2][-]{subsection.2.4.2}{\376\377\000C\000a\000c\000h\000i\000n\000g}{section.2.4}% 34
\BOOKMARK [1][-]{section.2.5}{\376\377\000C\000o\000n\000c\000l\000u\000z\000i\000i}{chapter.2}% 35
\BOOKMARK [0][-]{chapter.3}{\376\377\000I\000m\000p\000l\000e\000m\000e\000n\000t\000a\000r\000e}{}% 36
\BOOKMARK [1][-]{section.3.1}{\376\377\000C\000o\000n\000f\000i\000g\000u\000r\000a\000r\000e\000a\000\040\000m\000e\000d\000i\000u\000l\000u\000i\000\040\000d\000e\000\040\000d\000e\000z\000v\000o\000l\000t\000a\000r\000e}{chapter.3}% 37
\BOOKMARK [2][-]{subsection.3.1.1}{\376\377\000P\000r\000e\000r\000e\000q\000u\000i\000s\000i\000t\000e\000s\000\040\002\031\000i\000\040\000i\000n\000s\000t\000a\000l\000a\000r\000e}{section.3.1}% 38
\BOOKMARK [2][-]{subsection.3.1.2}{\376\377\000S\000t\000r\000u\000c\000t\000u\000r\000a\000\040\000p\000r\000o\000i\000e\000c\000t\000u\000l\000u\000i}{section.3.1}% 39
\BOOKMARK [1][-]{section.3.2}{\376\377\000A\000u\000t\000e\000n\000t\000i\000f\000i\000c\000a\000r\000e\000\040\002\031\000i\000\040\000g\000e\000s\000t\000i\000o\000n\000a\000r\000e\000a\000\040\000s\000e\000s\000i\000u\000n\000i\000l\000o\000r}{chapter.3}% 40
\BOOKMARK [2][-]{subsection.3.2.1}{\376\377\000\316\000n\000r\000e\000g\000i\000s\000t\000r\000a\000r\000e\000a\000\040\000u\000t\000i\000l\000i\000z\000a\000t\000o\000r\000i\000l\000o\000r}{section.3.2}% 41
\BOOKMARK [2][-]{subsection.3.2.2}{\376\377\000A\000u\000t\000e\000n\000t\000i\000f\000i\000c\000a\000r\000e\000a\000\040\000u\000t\000i\000l\000i\000z\000a\000t\000o\000r\000i\000l\000o\000r}{section.3.2}% 42
\BOOKMARK [2][-]{subsection.3.2.3}{\376\377\000G\000e\000s\000t\000i\000o\000n\000a\000r\000e\000a\000\040\000s\000e\000s\000i\000u\000n\000i\000l\000o\000r}{section.3.2}% 43
\BOOKMARK [1][-]{section.3.3}{\376\377\000G\000e\000s\000t\000i\000o\000n\000a\000r\000e\000a\000\040\000p\000r\000o\000i\000e\000c\000t\000e\000l\000o\000r\000\040\002\031\000i\000\040\000c\000o\000n\000e\000x\000i\000u\000n\000i\000l\000o\000r}{chapter.3}% 44
\BOOKMARK [2][-]{subsection.3.3.1}{\376\377\000C\000r\000e\000a\000r\000e\000a\000\040\002\031\000i\000\040\000o\000r\000g\000a\000n\000i\000z\000a\000r\000e\000a\000\040\000p\000r\000o\000i\000e\000c\000t\000e\000l\000o\000r}{section.3.3}% 45
\BOOKMARK [2][-]{subsection.3.3.2}{\376\377\000C\000o\000n\000f\000i\000g\000u\000r\000a\000r\000e\000a\000\040\000c\000o\000n\000e\000x\000i\000u\000n\000i\000l\000o\000r\000\040\000S\000S\000H\000/\000S\000F\000T\000P}{section.3.3}% 46
\BOOKMARK [1][-]{section.3.4}{\376\377\000F\000i\000l\000e\000\040\000b\000r\000o\000w\000s\000e\000r\000\040\002\031\000i\000\040\000o\000p\000e\000r\000a\002\033\000i\000u\000n\000i\000\040\000S\000F\000T\000P}{chapter.3}% 47
\BOOKMARK [2][-]{subsection.3.4.1}{\376\377\000L\000i\000s\000t\000a\000r\000e\000a\000\040\000f\000i\002\031\000i\000e\000r\000e\000l\000o\000r}{section.3.4}% 48
\BOOKMARK [2][-]{subsection.3.4.2}{\376\377\000O\000p\000e\000r\000a\002\033\000i\000u\000n\000i\000\040\000p\000e\000\040\000f\000i\002\031\000i\000e\000r\000e}{section.3.4}% 49
\BOOKMARK [2][-]{subsection.3.4.3}{\376\377\000T\000r\000a\000n\000s\000f\000e\000r\000\040\000m\000a\000n\000a\000g\000e\000m\000e\000n\000t}{section.3.4}% 50
\BOOKMARK [1][-]{section.3.5}{\376\377\000S\000i\000s\000t\000e\000m\000u\000l\000\040\000d\000e\000\040\000f\000i\000l\000e\000\040\000l\000o\000c\000k\000i\000n\000g}{chapter.3}% 51
\BOOKMARK [2][-]{subsection.3.5.1}{\376\377\000A\000r\000h\000i\000t\000e\000c\000t\000u\000r\000a\000\040\000f\000i\000l\000e\000\040\000l\000o\000c\000k\000i\000n\000g}{section.3.5}% 52
\BOOKMARK [2][-]{subsection.3.5.2}{\376\377\000F\000l\000u\000x\000u\000l\000\040\000d\000e\000\040\000l\000o\000c\000k\000/\000u\000n\000l\000o\000c\000k}{section.3.5}% 53
\BOOKMARK [2][-]{subsection.3.5.3}{\376\377\000G\000e\000s\000t\000i\000o\000n\000a\000r\000e\000a\000\040\000c\000o\000n\000f\000l\000i\000c\000t\000e\000l\000o\000r}{section.3.5}% 54
\BOOKMARK [1][-]{section.3.6}{\376\377\000N\000o\000t\000i\000f\000i\000c\001\003\000r\000i\000\040\002\031\000i\000\040\000c\000o\000m\000u\000n\000i\000c\000a\000r\000e\000\040\000\356\000n\000\040\000t\000i\000m\000p\000\040\000r\000e\000a\000l}{chapter.3}% 55
\BOOKMARK [2][-]{subsection.3.6.1}{\376\377\000W\000e\000b\000S\000o\000c\000k\000e\000t\000\040\000p\000e\000n\000t\000r\000u\000\040\000r\000e\000a\000l\000-\000t\000i\000m\000e\000\040\000u\000p\000d\000a\000t\000e\000s}{section.3.6}% 56
\BOOKMARK [2][-]{subsection.3.6.2}{\376\377\000T\000i\000p\000u\000r\000i\000\040\000d\000e\000\040\000n\000o\000t\000i\000f\000i\000c\001\003\000r\000i}{section.3.6}% 57
\BOOKMARK [1][-]{section.3.7}{\376\377\000S\000e\000c\000u\000r\000i\000t\000a\000t\000e\000a\000\040\000i\000m\000p\000l\000e\000m\000e\000n\000t\001\003\000r\000i\000i}{chapter.3}% 58
\BOOKMARK [2][-]{subsection.3.7.1}{\376\377\000C\000r\000i\000p\000t\000a\000r\000e\000a\000\040\000c\000r\000e\000d\000e\000n\002\033\000i\000a\000l\000e\000l\000o\000r}{section.3.7}% 59
\BOOKMARK [2][-]{subsection.3.7.2}{\376\377\000V\000a\000l\000i\000d\000a\000r\000e\000a\000\040\002\031\000i\000\040\000s\000a\000n\000i\000t\000i\000z\000a\000r\000e\000a\000\040\000i\000n\000p\000u\000t\000-\000u\000r\000i\000l\000o\000r}{section.3.7}% 60
\BOOKMARK [1][-]{section.3.8}{\376\377\000T\000e\000s\000t\000a\000r\000e\000\040\002\031\000i\000\040\000d\000e\000b\000u\000g\000g\000i\000n\000g}{chapter.3}% 61
\BOOKMARK [2][-]{subsection.3.8.1}{\376\377\000U\000n\000i\000t\000\040\000t\000e\000s\000t\000i\000n\000g}{section.3.8}% 62
\BOOKMARK [2][-]{subsection.3.8.2}{\376\377\000E\000n\000d\000-\000t\000o\000-\000e\000n\000d\000\040\000t\000e\000s\000t\000i\000n\000g}{section.3.8}% 63
\BOOKMARK [1][-]{section.3.9}{\376\377\000O\000p\000t\000i\000m\000i\000z\001\003\000r\000i\000\040\000d\000e\000\040\000p\000e\000r\000f\000o\000r\000m\000a\000n\002\033\001\003}{chapter.3}% 64
\BOOKMARK [2][-]{subsection.3.9.1}{\376\377\000F\000r\000o\000n\000t\000e\000n\000d\000\040\000o\000p\000t\000i\000m\000i\000z\000a\000t\000i\000o\000n\000s}{section.3.9}% 65
\BOOKMARK [2][-]{subsection.3.9.2}{\376\377\000B\000a\000c\000k\000e\000n\000d\000\040\000o\000p\000t\000i\000m\000i\000z\000a\000t\000i\000o\000n\000s}{section.3.9}% 66
\BOOKMARK [1][-]{section.3.10}{\376\377\000C\000o\000n\000c\000l\000u\000z\000i\000i\000\040\000p\000a\000r\002\033\000i\000a\000l\000e}{chapter.3}% 67
\BOOKMARK [0][-]{chapter.4}{\376\377\000E\000x\000e\000m\000p\000l\000e\000\040\000d\000e\000\040\000u\000t\000i\000l\000i\000z\000a\000r\000e}{}% 68
\BOOKMARK [1][-]{section.4.1}{\376\377\000C\000o\000n\000f\000i\000g\000u\000r\000a\000r\000e\000a\000\040\000i\000n\000i\002\033\000i\000a\000l\001\003}{chapter.4}% 69
\BOOKMARK [2][-]{subsection.4.1.1}{\376\377\000I\000n\000s\000t\000a\000l\000a\000r\000e\000a\000\040\000a\000p\000l\000i\000c\000a\002\033\000i\000e\000i}{section.4.1}% 70
\BOOKMARK [2][-]{subsection.4.1.2}{\376\377\000C\000r\000e\000a\000r\000e\000a\000\040\000p\000r\000i\000m\000u\000l\000u\000i\000\040\000c\000o\000n\000t}{section.4.1}% 71
\BOOKMARK [1][-]{section.4.2}{\376\377\000G\000e\000s\000t\000i\000o\000n\000a\000r\000e\000a\000\040\000c\000o\000n\000e\000x\000i\000u\000n\000i\000l\000o\000r\000\040\000S\000S\000H\000/\000S\000F\000T\000P}{chapter.4}% 72
\BOOKMARK [2][-]{subsection.4.2.1}{\376\377\000A\000d\001\003\000u\000g\000a\000r\000e\000a\000\040\000u\000n\000e\000i\000\040\000c\000o\000n\000e\000x\000i\000u\000n\000i\000\040\000n\000o\000i}{section.4.2}% 73
\BOOKMARK [2][-]{subsection.4.2.2}{\376\377\000T\000i\000p\000u\000r\000i\000\040\000d\000e\000\040\000a\000u\000t\000e\000n\000t\000i\000f\000i\000c\000a\000r\000e}{section.4.2}% 74
\BOOKMARK [1][-]{section.4.3}{\376\377\000B\000r\000o\000w\000s\000i\000n\000g\000\040\002\031\000i\000\040\000o\000p\000e\000r\000a\002\033\000i\000u\000n\000i\000\040\000p\000e\000\040\000f\000i\002\031\000i\000e\000r\000e}{chapter.4}% 75
\BOOKMARK [2][-]{subsection.4.3.1}{\376\377\000N\000a\000v\000i\000g\000a\000r\000e\000a\000\040\000\356\000n\000\040\000s\000i\000s\000t\000e\000m\000u\000l\000\040\000d\000e\000\040\000f\000i\002\031\000i\000e\000r\000e\000\040\000r\000e\000m\000o\000t\000e}{section.4.3}% 76
\BOOKMARK [2][-]{subsection.4.3.2}{\376\377\000U\000p\000l\000o\000a\000d\000\040\002\031\000i\000\040\000d\000o\000w\000n\000l\000o\000a\000d\000\040\000d\000e\000\040\000f\000i\002\031\000i\000e\000r\000e}{section.4.3}% 77
\BOOKMARK [2][-]{subsection.4.3.3}{\376\377\000O\000p\000e\000r\000a\002\033\000i\000u\000n\000i\000\040\000a\000v\000a\000n\000s\000a\000t\000e}{section.4.3}% 78
\BOOKMARK [1][-]{section.4.4}{\376\377\000S\000i\000s\000t\000e\000m\000u\000l\000\040\000d\000e\000\040\000f\000i\000l\000e\000\040\000l\000o\000c\000k\000i\000n\000g\000\040\000\356\000n\000\040\000a\000c\002\033\000i\000u\000n\000e}{chapter.4}% 79
\BOOKMARK [2][-]{subsection.4.4.1}{\376\377\000S\000c\000e\000n\000a\000r\000i\000u\000l\000\040\0001\000:\000\040\000E\000d\000i\000t\000a\000r\000e\000\040\000f\001\003\000r\001\003\000\040\000c\000o\000n\000f\000l\000i\000c\000t}{section.4.4}% 80
\BOOKMARK [2][-]{subsection.4.4.2}{\376\377\000S\000c\000e\000n\000a\000r\000i\000u\000l\000\040\0002\000:\000\040\000L\000o\000c\000k\000\040\000t\000i\000m\000e\000o\000u\000t\000\040\002\031\000i\000\040\000r\000e\000c\000u\000p\000e\000r\000a\000r\000e}{section.4.4}% 81
\BOOKMARK [2][-]{subsection.4.4.3}{\376\377\000S\000c\000e\000n\000a\000r\000i\000u\000l\000\040\0003\000:\000\040\000F\000o\000r\000c\000e\000\040\000u\000n\000l\000o\000c\000k\000\040\000\050\000a\000d\000m\000i\000n\000i\000s\000t\000r\000a\000t\000o\000r\000\051}{section.4.4}% 82
\BOOKMARK [1][-]{section.4.5}{\376\377\000C\000o\000l\000a\000b\000o\000r\000a\000r\000e\000a\000\040\000\356\000n\000\040\000t\000i\000m\000p\000\040\000r\000e\000a\000l}{chapter.4}% 83
\BOOKMARK [2][-]{subsection.4.5.1}{\376\377\000N\000o\000t\000i\000f\000i\000c\001\003\000r\000i\000\040\000l\000i\000v\000e}{section.4.5}% 84
\BOOKMARK [2][-]{subsection.4.5.2}{\376\377\000A\000c\000t\000i\000v\000i\000t\000y\000\040\000f\000e\000e\000d}{section.4.5}% 85
\BOOKMARK [1][-]{section.4.6}{\376\377\000W\000o\000r\000k\000f\000l\000o\000w\000\040\000c\000o\000m\000p\000l\000e\000t\000:\000\040\000D\000e\000\040\000l\000a\000\040\000c\000o\000n\000e\000c\000t\000a\000r\000e\000\040\000l\000a\000\040\000d\000e\000p\000l\000o\000y\000m\000e\000n\000t}{chapter.4}% 86
\BOOKMARK [2][-]{subsection.4.6.1}{\376\377\000C\000a\000z\000u\000l\000\040\000d\000e\000\040\000u\000t\000i\000l\000i\000z\000a\000r\000e\000:\000\040\000U\000p\000d\000a\000t\000e\000\040\000c\000o\000n\000f\000i\000g\000u\000r\000a\002\033\000i\000e\000\040\000s\000e\000r\000v\000e\000r\000\040\000w\000e\000b}{section.4.6}% 87
\BOOKMARK [1][-]{section.4.7}{\376\377\000P\000e\000r\000f\000o\000r\000m\000a\000n\002\033\001\003\000\040\002\031\000i\000\040\000m\000e\000t\000r\000i\000c\000i}{chapter.4}% 88
\BOOKMARK [2][-]{subsection.4.7.1}{\376\377\000B\000e\000n\000c\000h\000m\000a\000r\000k\000-\000u\000r\000i}{section.4.7}% 89
\BOOKMARK [2][-]{subsection.4.7.2}{\376\377\000C\000o\000n\000s\000u\000m\000u\000l\000\040\000d\000e\000\040\000r\000e\000s\000u\000r\000s\000e}{section.4.7}% 90
\BOOKMARK [1][-]{section.4.8}{\376\377\000G\000e\000s\000t\000i\000o\000n\000a\000r\000e\000a\000\040\000e\000r\000o\000r\000i\000l\000o\000r}{chapter.4}% 91
\BOOKMARK [2][-]{subsection.4.8.1}{\376\377\000S\000c\000e\000n\000a\000r\000i\000i\000\040\000d\000e\000\040\000e\000r\000o\000a\000r\000e\000\040\002\031\000i\000\040\000r\000e\000c\000u\000p\000e\000r\000a\000r\000e}{section.4.8}% 92
\BOOKMARK [1][-]{section.4.9}{\376\377\000C\000o\000n\000c\000l\000u\000z\000i\000i\000\040\000p\000a\000r\002\033\000i\000a\000l\000e}{chapter.4}% 93
\BOOKMARK [0][-]{chapter*.7}{\376\377\000C\000o\000n\000c\000l\000u\000z\000i\000i}{}% 94
